2025-10-23T15:21:11+00:00 ERROR Error getting data feed
2025-10-23T15:21:11+00:00 ERROR WP_Error Object
(
    [errors] => Array
        (
            [http_request_failed] => Array
                (
                    [0] => cURL error 7: Failed to connect to woocommerce.com port 443 after 1015 ms: Couldn't connect to server
                )

        )

    [error_data] => Array
        (
        )

    [additional_data:protected] => Array
        (
        )

)
2025-10-23T17:18:33+00:00 ERROR Error getting data feed
2025-10-23T17:18:33+00:00 ERROR WP_Error Object
(
    [errors] => Array
        (
            [http_request_failed] => Array
                (
                    [0] => cURL error 7: Failed to connect to woocommerce.com port 443 after 1018 ms: Couldn't connect to server
                )

        )

    [error_data] => Array
        (
        )

    [additional_data:protected] => Array
        (
        )

)
