2025-10-12T14:52:14+00:00 ERROR Error getting data feed
2025-10-12T14:52:14+00:00 ERROR WP_Error Object
(
    [errors] => Array
        (
            [http_request_failed] => Array
                (
                    [0] => cURL error 7: Failed to connect to woocommerce.com port 443 after 1062 ms: Couldn't connect to server
                )

        )

    [error_data] => Array
        (
        )

    [additional_data:protected] => Array
        (
        )

)
2025-10-12T15:22:42+00:00 ERROR Error getting data feed
2025-10-12T15:22:42+00:00 ERROR WP_Error Object
(
    [errors] => Array
        (
            [http_request_failed] => Array
                (
                    [0] => cURL error 7: Failed to connect to woocommerce.com port 443 after 1011 ms: Couldn't connect to server
                )

        )

    [error_data] => Array
        (
        )

    [additional_data:protected] => Array
        (
        )

)
